<?xml version="1.0" encoding="UTF-8"?>
<!-- Generated by org.testng.reporters.JUnitReportReporter -->
<testsuite hostname="DESKTOP-FP801PF" failures="0" tests="1" name="restapiday1.restday2.DiffWaysToCreatePostReqPayload" time="1.585" errors="0" timestamp="2024-02-08T08:09:43 GMT" skipped="0">
  <testcase classname="restapiday1.restday2.DiffWaysToCreatePostReqPayload" name="testPostUsingHashMap" time="1.585"/>
</testsuite> <!-- restapiday1.restday2.DiffWaysToCreatePostReqPayload -->
