<?xml version="1.0" encoding="UTF-8"?>
<!-- Generated by org.testng.reporters.JUnitReportReporter -->
<testsuite hostname="DESKTOP-FP801PF" failures="0" tests="2" name="restapiday1.HTTPrequests" time="2.847" errors="0" timestamp="2024-02-07T17:43:34 GMT" skipped="0">
  <testcase classname="restapiday1.HTTPrequests" name="createUser" time="2.073"/>
  <testcase classname="restapiday1.HTTPrequests" name="getUsers" time="0.774"/>
</testsuite> <!-- restapiday1.HTTPrequests -->
